[0.021s] Invoking command in '/home/student/ros2_ws/src/pfms-2026a-Ewongated/scratch/a3_racing/build/a3_racing': CMAKE_PREFIX_PATH=${CMAKE_PREFIX_PATH}:/opt/ros/humble /usr/bin/cmake --build /home/student/ros2_ws/src/pfms-2026a-Ewongated/scratch/a3_racing/build/a3_racing -- -j8 -l8
[0.152s] [35m[1mConsolidate compiler generated dependencies of target laserprocessing[0m
[0.217s] [  9%] [32mBuilding CXX object CMakeFiles/laserprocessing.dir/src/laserprocessing.cpp.o[0m
[1.988s] [ 18%] [32m[1mLinking CXX static library liblaserprocessing.a[0m
[2.045s] [ 18%] Built target laserprocessing
[2.090s] [ 36%] Built target gtest
[2.112s] [35m[1mConsolidate compiler generated dependencies of target racing_node[0m
[2.163s] [ 45%] [32mBuilding CXX object CMakeFiles/racing_node.dir/src/main_racing.cpp.o[0m
[6.599s] [ 54%] [32mBuilding CXX object CMakeFiles/racing_node.dir/src/racingnode.cpp.o[0m
[28.885s] [ 63%] [32m[1mLinking CXX executable racing_node[0m
[30.393s] [ 63%] Built target racing_node
[30.424s] [ 81%] Built target gtest_main
[30.447s] [35m[1mConsolidate compiler generated dependencies of target test_racing[0m
[31.171s] [ 90%] [32mBuilding CXX object CMakeFiles/test_racing.dir/test/utest.cpp.o[0m
[37.024s] [100%] [32m[1mLinking CXX executable test_racing[0m
[37.367s] [100%] Built target test_racing
[37.383s] Invoked command in '/home/student/ros2_ws/src/pfms-2026a-Ewongated/scratch/a3_racing/build/a3_racing' returned '0': CMAKE_PREFIX_PATH=${CMAKE_PREFIX_PATH}:/opt/ros/humble /usr/bin/cmake --build /home/student/ros2_ws/src/pfms-2026a-Ewongated/scratch/a3_racing/build/a3_racing -- -j8 -l8
[37.397s] Invoking command in '/home/student/ros2_ws/src/pfms-2026a-Ewongated/scratch/a3_racing/build/a3_racing': CMAKE_PREFIX_PATH=${CMAKE_PREFIX_PATH}:/opt/ros/humble /usr/bin/cmake --install /home/student/ros2_ws/src/pfms-2026a-Ewongated/scratch/a3_racing/build/a3_racing
[37.410s] -- Install configuration: ""
[37.410s] -- Installing: /home/student/ros2_ws/src/pfms-2026a-Ewongated/scratch/a3_racing/install/a3_racing/lib/a3_racing/racing_node
[37.431s] -- Set runtime path of "/home/student/ros2_ws/src/pfms-2026a-Ewongated/scratch/a3_racing/install/a3_racing/lib/a3_racing/racing_node" to ""
[37.431s] -- Up-to-date: /home/student/ros2_ws/src/pfms-2026a-Ewongated/scratch/a3_racing/install/a3_racing/share/a3_racing/data
[37.432s] -- Up-to-date: /home/student/ros2_ws/src/pfms-2026a-Ewongated/scratch/a3_racing/install/a3_racing/share/a3_racing/data/sample
[37.432s] -- Up-to-date: /home/student/ros2_ws/src/pfms-2026a-Ewongated/scratch/a3_racing/install/a3_racing/share/ament_index/resource_index/package_run_dependencies/a3_racing
[37.432s] -- Up-to-date: /home/student/ros2_ws/src/pfms-2026a-Ewongated/scratch/a3_racing/install/a3_racing/share/ament_index/resource_index/parent_prefix_path/a3_racing
[37.432s] -- Up-to-date: /home/student/ros2_ws/src/pfms-2026a-Ewongated/scratch/a3_racing/install/a3_racing/share/a3_racing/environment/ament_prefix_path.sh
[37.433s] -- Up-to-date: /home/student/ros2_ws/src/pfms-2026a-Ewongated/scratch/a3_racing/install/a3_racing/share/a3_racing/environment/ament_prefix_path.dsv
[37.433s] -- Up-to-date: /home/student/ros2_ws/src/pfms-2026a-Ewongated/scratch/a3_racing/install/a3_racing/share/a3_racing/environment/path.sh
[37.433s] -- Up-to-date: /home/student/ros2_ws/src/pfms-2026a-Ewongated/scratch/a3_racing/install/a3_racing/share/a3_racing/environment/path.dsv
[37.433s] -- Up-to-date: /home/student/ros2_ws/src/pfms-2026a-Ewongated/scratch/a3_racing/install/a3_racing/share/a3_racing/local_setup.bash
[37.433s] -- Up-to-date: /home/student/ros2_ws/src/pfms-2026a-Ewongated/scratch/a3_racing/install/a3_racing/share/a3_racing/local_setup.sh
[37.433s] -- Up-to-date: /home/student/ros2_ws/src/pfms-2026a-Ewongated/scratch/a3_racing/install/a3_racing/share/a3_racing/local_setup.zsh
[37.433s] -- Up-to-date: /home/student/ros2_ws/src/pfms-2026a-Ewongated/scratch/a3_racing/install/a3_racing/share/a3_racing/local_setup.dsv
[37.433s] -- Installing: /home/student/ros2_ws/src/pfms-2026a-Ewongated/scratch/a3_racing/install/a3_racing/share/a3_racing/package.dsv
[37.433s] -- Up-to-date: /home/student/ros2_ws/src/pfms-2026a-Ewongated/scratch/a3_racing/install/a3_racing/share/ament_index/resource_index/packages/a3_racing
[37.433s] -- Up-to-date: /home/student/ros2_ws/src/pfms-2026a-Ewongated/scratch/a3_racing/install/a3_racing/share/a3_racing/cmake/a3_racingConfig.cmake
[37.437s] -- Up-to-date: /home/student/ros2_ws/src/pfms-2026a-Ewongated/scratch/a3_racing/install/a3_racing/share/a3_racing/cmake/a3_racingConfig-version.cmake
[37.438s] -- Up-to-date: /home/student/ros2_ws/src/pfms-2026a-Ewongated/scratch/a3_racing/install/a3_racing/share/a3_racing/package.xml
[37.440s] Invoked command in '/home/student/ros2_ws/src/pfms-2026a-Ewongated/scratch/a3_racing/build/a3_racing' returned '0': CMAKE_PREFIX_PATH=${CMAKE_PREFIX_PATH}:/opt/ros/humble /usr/bin/cmake --install /home/student/ros2_ws/src/pfms-2026a-Ewongated/scratch/a3_racing/build/a3_racing
