[ 18%] Built target laserprocessing
[ 36%] Built target gtest
[35m[1mConsolidate compiler generated dependencies of target racing_node[0m
[ 45%] [32mBuilding CXX object CMakeFiles/racing_node.dir/src/main_racing.cpp.o[0m
[ 54%] [32mBuilding CXX object CMakeFiles/racing_node.dir/src/racingnode.cpp.o[0m
[ 63%] [32m[1mLinking CXX executable racing_node[0m
[ 63%] Built target racing_node
[ 81%] Built target gtest_main
[100%] Built target test_racing
-- Install configuration: ""
-- Installing: /home/student/ros2_ws/src/pfms-2026a-Ewongated/scratch/a3_racing/install/a3_racing/lib/a3_racing/racing_node
-- Set runtime path of "/home/student/ros2_ws/src/pfms-2026a-Ewongated/scratch/a3_racing/install/a3_racing/lib/a3_racing/racing_node" to ""
-- Up-to-date: /home/student/ros2_ws/src/pfms-2026a-Ewongated/scratch/a3_racing/install/a3_racing/share/a3_racing/data
-- Up-to-date: /home/student/ros2_ws/src/pfms-2026a-Ewongated/scratch/a3_racing/install/a3_racing/share/a3_racing/data/sample
-- Up-to-date: /home/student/ros2_ws/src/pfms-2026a-Ewongated/scratch/a3_racing/install/a3_racing/share/ament_index/resource_index/package_run_dependencies/a3_racing
-- Up-to-date: /home/student/ros2_ws/src/pfms-2026a-Ewongated/scratch/a3_racing/install/a3_racing/share/ament_index/resource_index/parent_prefix_path/a3_racing
-- Up-to-date: /home/student/ros2_ws/src/pfms-2026a-Ewongated/scratch/a3_racing/install/a3_racing/share/a3_racing/environment/ament_prefix_path.sh
-- Up-to-date: /home/student/ros2_ws/src/pfms-2026a-Ewongated/scratch/a3_racing/install/a3_racing/share/a3_racing/environment/ament_prefix_path.dsv
-- Up-to-date: /home/student/ros2_ws/src/pfms-2026a-Ewongated/scratch/a3_racing/install/a3_racing/share/a3_racing/environment/path.sh
-- Up-to-date: /home/student/ros2_ws/src/pfms-2026a-Ewongated/scratch/a3_racing/install/a3_racing/share/a3_racing/environment/path.dsv
-- Up-to-date: /home/student/ros2_ws/src/pfms-2026a-Ewongated/scratch/a3_racing/install/a3_racing/share/a3_racing/local_setup.bash
-- Up-to-date: /home/student/ros2_ws/src/pfms-2026a-Ewongated/scratch/a3_racing/install/a3_racing/share/a3_racing/local_setup.sh
-- Up-to-date: /home/student/ros2_ws/src/pfms-2026a-Ewongated/scratch/a3_racing/install/a3_racing/share/a3_racing/local_setup.zsh
-- Up-to-date: /home/student/ros2_ws/src/pfms-2026a-Ewongated/scratch/a3_racing/install/a3_racing/share/a3_racing/local_setup.dsv
-- Installing: /home/student/ros2_ws/src/pfms-2026a-Ewongated/scratch/a3_racing/install/a3_racing/share/a3_racing/package.dsv
-- Up-to-date: /home/student/ros2_ws/src/pfms-2026a-Ewongated/scratch/a3_racing/install/a3_racing/share/ament_index/resource_index/packages/a3_racing
-- Up-to-date: /home/student/ros2_ws/src/pfms-2026a-Ewongated/scratch/a3_racing/install/a3_racing/share/a3_racing/cmake/a3_racingConfig.cmake
-- Up-to-date: /home/student/ros2_ws/src/pfms-2026a-Ewongated/scratch/a3_racing/install/a3_racing/share/a3_racing/cmake/a3_racingConfig-version.cmake
-- Up-to-date: /home/student/ros2_ws/src/pfms-2026a-Ewongated/scratch/a3_racing/install/a3_racing/share/a3_racing/package.xml
