-- Found ament_cmake: 1.3.13 (/opt/ros/humble/share/ament_cmake/cmake)
-- Found ament_cmake_ros: 0.10.0 (/opt/ros/humble/share/ament_cmake_ros/cmake)
-- Found rclcpp: 16.0.18 (/opt/ros/humble/share/rclcpp/cmake)
-- Found rosidl_generator_c: 3.1.8 (/opt/ros/humble/share/rosidl_generator_c/cmake)
-- Found rosidl_adapter: 3.1.8 (/opt/ros/humble/share/rosidl_adapter/cmake)
-- Found rosidl_generator_cpp: 3.1.8 (/opt/ros/humble/share/rosidl_generator_cpp/cmake)
-- Using all available rosidl_typesupport_c: rosidl_typesupport_fastrtps_c;rosidl_typesupport_introspection_c
-- Using all available rosidl_typesupport_cpp: rosidl_typesupport_fastrtps_cpp;rosidl_typesupport_introspection_cpp
-- Found rmw_implementation_cmake: 6.1.2 (/opt/ros/humble/share/rmw_implementation_cmake/cmake)
-- Found rmw_fastrtps_cpp: 6.2.10 (/opt/ros/humble/share/rmw_fastrtps_cpp/cmake)
-- Using RMW implementation 'rmw_fastrtps_cpp' as default
-- Found nav_msgs: 4.9.1 (/opt/ros/humble/share/nav_msgs/cmake)
-- Found sensor_msgs: 4.9.1 (/opt/ros/humble/share/sensor_msgs/cmake)
-- Found visualization_msgs: 4.9.1 (/opt/ros/humble/share/visualization_msgs/cmake)
-- Found std_srvs: 4.9.1 (/opt/ros/humble/share/std_srvs/cmake)
-- Found tf2: 0.25.19 (/opt/ros/humble/share/tf2/cmake)
-- Found tf2_ros: 0.25.19 (/opt/ros/humble/share/tf2_ros/cmake)
-- Found tf2_geometry_msgs: 0.25.19 (/opt/ros/humble/share/tf2_geometry_msgs/cmake)
-- Found eigen3_cmake_module: 0.1.1 (/opt/ros/humble/share/eigen3_cmake_module/cmake)
-- Ensuring Eigen3 include directory is part of orocos-kdl CMake target
-- Found rosbag2_cpp: 0.15.16 (/opt/ros/humble/share/rosbag2_cpp/cmake)
-- Found gtest sources under '/opt/ros/humble/src/gtest_vendor': C++ tests using 'Google Test' will be built
-- Configuring done
-- Generating done
-- Build files have been written to: /home/student/ros2_ws/src/pfms-2026a-Ewongated/scratch/a3_racing/build/a3_racing
[35m[1mConsolidate compiler generated dependencies of target laserprocessing[0m
[  9%] [32mBuilding CXX object CMakeFiles/laserprocessing.dir/src/laserprocessing.cpp.o[0m
[ 18%] [32m[1mLinking CXX static library liblaserprocessing.a[0m
[ 18%] Built target laserprocessing
[35m[1mConsolidate compiler generated dependencies of target gtest[0m
[ 36%] Built target gtest
[35m[1mConsolidate compiler generated dependencies of target racing_node[0m
[ 45%] [32mBuilding CXX object CMakeFiles/racing_node.dir/src/main_racing.cpp.o[0m
[ 54%] [32mBuilding CXX object CMakeFiles/racing_node.dir/src/racingnode.cpp.o[0m
gmake[2]: *** [CMakeFiles/racing_node.dir/build.make:90: CMakeFiles/racing_node.dir/src/racingnode.cpp.o] Interrupt
gmake[1]: *** [CMakeFiles/Makefile2:185: CMakeFiles/racing_node.dir/all] Interrupt
gmake: *** [Makefile:146: all] Interrupt
