[35m[1mConsolidate compiler generated dependencies of target laserprocessing[0m
[ 18%] Built target gtest
[ 36%] Built target gtest_main
[ 54%] Built target laserprocessing
[35m[1mConsolidate compiler generated dependencies of target racing_node[0m
[35m[1mConsolidate compiler generated dependencies of target test_racing[0m
[ 63%] [32mBuilding CXX object CMakeFiles/racing_node.dir/src/racingnode.cpp.o[0m
[ 81%] Built target test_racing
[01m[K/home/student/ros2_ws/src/pfms-2026a-Ewongated/scratch/a3_racing/src/racingnode.cpp:[m[K In constructor ‘[01m[KRacingNode::RacingNode()[m[K’:
[01m[K/home/student/ros2_ws/src/pfms-2026a-Ewongated/scratch/a3_racing/src/racingnode.cpp:72:37:[m[K [01;35m[Kwarning: [m[Kignoring return value of ‘[01m[Krcutils_ret_t rcutils_logging_set_logger_level(const char*, int)[m[K’ declared with attribute ‘[01m[Kwarn_unused_result[m[K’ [[01;35m[K]8;;https://gcc.gnu.org/onlinedocs/gcc/Warning-Options.html#index-Wunused-result-Wunused-result]8;;[m[K]
   72 |     [01;35m[Krcutils_logging_set_logger_level([m[K
      |     [01;35m[K~~~~~~~~~~~~~~~~~~~~~~~~~~~~~~~~^[m[K
   73 | [01;35m[K        this->get_logger().get_name(), RCUTILS_LOG_SEVERITY_DEBUG)[m[K;
      |         [01;35m[K~~~~~~~~~~~~~~~~~~~~~~~~~~~~~~~~~~~~~~~~~~~~~~~~~~~~~~~~~~[m[K
[ 90%] [32m[1mLinking CXX executable racing_node[0m
[100%] Built target racing_node
-- Install configuration: ""
-- Installing: /home/student/ros2_ws/src/pfms-2026a-Ewongated/scratch/a3_racing/install/a3_racing/lib/a3_racing/racing_node
-- Set runtime path of "/home/student/ros2_ws/src/pfms-2026a-Ewongated/scratch/a3_racing/install/a3_racing/lib/a3_racing/racing_node" to ""
-- Up-to-date: /home/student/ros2_ws/src/pfms-2026a-Ewongated/scratch/a3_racing/install/a3_racing/share/a3_racing/data
-- Up-to-date: /home/student/ros2_ws/src/pfms-2026a-Ewongated/scratch/a3_racing/install/a3_racing/share/a3_racing/data/sample
-- Up-to-date: /home/student/ros2_ws/src/pfms-2026a-Ewongated/scratch/a3_racing/install/a3_racing/share/ament_index/resource_index/package_run_dependencies/a3_racing
-- Up-to-date: /home/student/ros2_ws/src/pfms-2026a-Ewongated/scratch/a3_racing/install/a3_racing/share/ament_index/resource_index/parent_prefix_path/a3_racing
-- Up-to-date: /home/student/ros2_ws/src/pfms-2026a-Ewongated/scratch/a3_racing/install/a3_racing/share/a3_racing/environment/ament_prefix_path.sh
-- Up-to-date: /home/student/ros2_ws/src/pfms-2026a-Ewongated/scratch/a3_racing/install/a3_racing/share/a3_racing/environment/ament_prefix_path.dsv
-- Up-to-date: /home/student/ros2_ws/src/pfms-2026a-Ewongated/scratch/a3_racing/install/a3_racing/share/a3_racing/environment/path.sh
-- Up-to-date: /home/student/ros2_ws/src/pfms-2026a-Ewongated/scratch/a3_racing/install/a3_racing/share/a3_racing/environment/path.dsv
-- Up-to-date: /home/student/ros2_ws/src/pfms-2026a-Ewongated/scratch/a3_racing/install/a3_racing/share/a3_racing/local_setup.bash
-- Up-to-date: /home/student/ros2_ws/src/pfms-2026a-Ewongated/scratch/a3_racing/install/a3_racing/share/a3_racing/local_setup.sh
-- Up-to-date: /home/student/ros2_ws/src/pfms-2026a-Ewongated/scratch/a3_racing/install/a3_racing/share/a3_racing/local_setup.zsh
-- Up-to-date: /home/student/ros2_ws/src/pfms-2026a-Ewongated/scratch/a3_racing/install/a3_racing/share/a3_racing/local_setup.dsv
-- Installing: /home/student/ros2_ws/src/pfms-2026a-Ewongated/scratch/a3_racing/install/a3_racing/share/a3_racing/package.dsv
-- Up-to-date: /home/student/ros2_ws/src/pfms-2026a-Ewongated/scratch/a3_racing/install/a3_racing/share/ament_index/resource_index/packages/a3_racing
-- Up-to-date: /home/student/ros2_ws/src/pfms-2026a-Ewongated/scratch/a3_racing/install/a3_racing/share/a3_racing/cmake/a3_racingConfig.cmake
-- Up-to-date: /home/student/ros2_ws/src/pfms-2026a-Ewongated/scratch/a3_racing/install/a3_racing/share/a3_racing/cmake/a3_racingConfig-version.cmake
-- Up-to-date: /home/student/ros2_ws/src/pfms-2026a-Ewongated/scratch/a3_racing/install/a3_racing/share/a3_racing/package.xml
